<?xml version="1.0" encoding="UTF-8"?>
<testng-results skipped="0" failed="0" total="2" passed="2">
  <reporter-output>
  </reporter-output>
  <suite name="Suite" duration-ms="7858" started-at="2018-12-06T08:10:58Z" finished-at="2018-12-06T08:11:06Z">
    <groups>
    </groups>
    <test name="Test1" duration-ms="7858" started-at="2018-12-06T08:10:58Z" finished-at="2018-12-06T08:11:06Z">
      <class name="com.hustar.TestDemo.helloworld">
        <test-method status="PASS" signature="beforeTest()[pri:0, instance:com.hustar.TestDemo.helloworld@3108bc]" name="beforeTest" is-config="true" duration-ms="4" started-at="2018-12-06T16:10:58Z" finished-at="2018-12-06T16:10:58Z">
          <reporter-output>
          </reporter-output>
        </test-method> <!-- beforeTest -->
        <test-method status="PASS" signature="beforeTest()[pri:0, instance:com.hustar.TestDemo.pqms_test_demo@370736d9]" name="beforeTest" is-config="true" duration-ms="1" started-at="2018-12-06T16:10:58Z" finished-at="2018-12-06T16:10:58Z">
          <reporter-output>
          </reporter-output>
        </test-method> <!-- beforeTest -->
        <test-method status="PASS" signature="commitkeyword()[pri:0, instance:com.hustar.TestDemo.helloworld@3108bc]" name="commitkeyword" duration-ms="3830" started-at="2018-12-06T16:10:58Z" finished-at="2018-12-06T16:11:02Z">
          <reporter-output>
          </reporter-output>
        </test-method> <!-- commitkeyword -->
        <test-method status="PASS" signature="closed()[pri:0, instance:com.hustar.TestDemo.helloworld@3108bc]" name="closed" is-config="true" duration-ms="638" started-at="2018-12-06T16:11:04Z" finished-at="2018-12-06T16:11:05Z">
          <reporter-output>
          </reporter-output>
        </test-method> <!-- closed -->
        <test-method status="PASS" signature="closed()[pri:0, instance:com.hustar.TestDemo.pqms_test_demo@370736d9]" name="closed" is-config="true" duration-ms="626" started-at="2018-12-06T16:11:05Z" finished-at="2018-12-06T16:11:06Z">
          <reporter-output>
          </reporter-output>
        </test-method> <!-- closed -->
      </class> <!-- com.hustar.TestDemo.helloworld -->
      <class name="com.hustar.TestDemo.pqms_test_demo">
        <test-method status="PASS" signature="commitkeyword()[pri:0, instance:com.hustar.TestDemo.pqms_test_demo@370736d9]" name="commitkeyword" duration-ms="2747" started-at="2018-12-06T16:11:02Z" finished-at="2018-12-06T16:11:04Z">
          <reporter-output>
          </reporter-output>
        </test-method> <!-- commitkeyword -->
      </class> <!-- com.hustar.TestDemo.pqms_test_demo -->
    </test> <!-- Test1 -->
  </suite> <!-- Suite -->
</testng-results>
